<?xml version="1.0" encoding="UTF-8"?>
<coverage generated="1693874955454" clover="3.2.0">
  <project timestamp="1693874955454" name="All files">
    <metrics statements="9" coveredstatements="2" conditionals="0" coveredconditionals="0" methods="1" coveredmethods="1" elements="10" coveredelements="3" complexity="0" loc="9" ncloc="9" packages="1" files="2" classes="2"/>
    <file name="App.tsx" path="/Users/taras/MyWork/chat/chat_fe/src/App.tsx">
      <metrics statements="2" coveredstatements="2" conditionals="0" coveredconditionals="0" methods="1" coveredmethods="1"/>
      <line num="1" count="1" type="stmt"/>
      <line num="2" count="1" type="stmt"/>
    </file>
    <file name="index.tsx" path="/Users/taras/MyWork/chat/chat_fe/src/index.tsx">
      <metrics statements="7" coveredstatements="0" conditionals="0" coveredconditionals="0" methods="0" coveredmethods="0"/>
      <line num="1" count="0" type="stmt"/>
      <line num="2" count="0" type="stmt"/>
      <line num="3" count="0" type="stmt"/>
      <line num="4" count="0" type="stmt"/>
      <line num="6" count="0" type="stmt"/>
      <line num="7" count="0" type="stmt"/>
      <line num="9" count="0" type="stmt"/>
    </file>
  </project>
</coverage>
